2025-07-22 11:31:53 DEBUG: RADIUS_MANAGER: Attempting to CREATE user 64:78:a1:b2:6f:e7 with expiration 2025-07-22 13:31:53
2025-07-22 11:31:53 DEBUG: RADIUS_MANAGER: Attempting to REMOVE user 64:78:a1:b2:6f:e7 - CALLED FROM: /var/www/html/system/controllers/captive_portal.php:1049 in function: createHotspotUser
2025-07-22 11:31:53 DEBUG: RADIUS_MANAGER: User 64:78:a1:b2:6f:e7 REMOVAL completed
2025-07-22 11:31:53 DEBUG: RADIUS_MANAGER: User 64:78:a1:b2:6f:e7 CREATION completed successfully
2025-07-22 11:43:40 DEBUG: RADIUS_MANAGER: Attempting to CREATE user 1a:8e:62:ff:0b:02 with expiration 2025-07-22 13:43:40
2025-07-22 11:43:40 DEBUG: RADIUS_MANAGER: Attempting to REMOVE user 1a:8e:62:ff:0b:02 - CALLED FROM: /var/www/html/system/controllers/captive_portal.php:1049 in function: createHotspotUser
2025-07-22 11:43:40 DEBUG: RADIUS_MANAGER: User 1a:8e:62:ff:0b:02 REMOVAL completed
2025-07-22 11:43:40 DEBUG: RADIUS_MANAGER: User 1a:8e:62:ff:0b:02 CREATION completed successfully
2025-07-22 11:44:52 DEBUG: RADIUS_MANAGER: Attempting to CREATE user 1a:8e:62:ff:0b:02 with expiration 2025-07-22 13:44:52
2025-07-22 11:44:52 DEBUG: RADIUS_MANAGER: Attempting to REMOVE user 1a:8e:62:ff:0b:02 - CALLED FROM: /var/www/html/system/controllers/captive_portal.php:1049 in function: createHotspotUser
2025-07-22 11:44:52 DEBUG: RADIUS_MANAGER: User 1a:8e:62:ff:0b:02 REMOVAL completed
2025-07-22 11:44:52 DEBUG: RADIUS_MANAGER: User 1a:8e:62:ff:0b:02 CREATION completed successfully
2025-07-22 11:57:25 DEBUG: RADIUS_MANAGER: Attempting to CREATE user 1a:8e:62:ff:0b:02 with expiration 2025-07-22 13:57:25
2025-07-22 11:57:25 DEBUG: RADIUS_MANAGER: Attempting to REMOVE user 1a:8e:62:ff:0b:02 - CALLED FROM: /var/www/html/system/controllers/captive_portal.php:1049 in function: createHotspotUser
2025-07-22 11:57:25 DEBUG: RADIUS_MANAGER: User 1a:8e:62:ff:0b:02 REMOVAL completed
2025-07-22 11:57:25 DEBUG: RADIUS_MANAGER: User 1a:8e:62:ff:0b:02 CREATION completed successfully
2025-07-22 12:03:36 DEBUG: RADIUS_MANAGER: Attempting to CREATE user 1a:8e:62:ff:0b:02 with expiration 2025-07-22 14:03:36
2025-07-22 12:03:36 DEBUG: RADIUS_MANAGER: Attempting to REMOVE user 1a:8e:62:ff:0b:02 - CALLED FROM: /var/www/html/system/controllers/captive_portal.php:1049 in function: createHotspotUser
2025-07-22 12:03:36 DEBUG: RADIUS_MANAGER: User 1a:8e:62:ff:0b:02 REMOVAL completed
2025-07-22 12:03:36 DEBUG: RADIUS_MANAGER: User 1a:8e:62:ff:0b:02 CREATION completed successfully
2025-07-22 12:05:03 DEBUG: RADIUS_MANAGER: Attempting to CREATE user 1a:8e:62:ff:0b:02 with expiration 2025-07-22 14:05:03
2025-07-22 12:05:03 DEBUG: RADIUS_MANAGER: Attempting to REMOVE user 1a:8e:62:ff:0b:02 - CALLED FROM: /var/www/html/system/controllers/captive_portal.php:1049 in function: createHotspotUser
2025-07-22 12:05:03 DEBUG: RADIUS_MANAGER: User 1a:8e:62:ff:0b:02 REMOVAL completed
2025-07-22 12:05:03 DEBUG: RADIUS_MANAGER: User 1a:8e:62:ff:0b:02 CREATION completed successfully
2025-07-22 12:11:19 DEBUG: RADIUS_MANAGER: Attempting to CREATE user 1a:8e:62:ff:0b:02 with expiration 2025-07-22 14:11:19
2025-07-22 12:11:19 DEBUG: RADIUS_MANAGER: Attempting to REMOVE user 1a:8e:62:ff:0b:02 - CALLED FROM: /var/www/html/system/controllers/captive_portal.php:1049 in function: createHotspotUser
2025-07-22 12:11:19 DEBUG: RADIUS_MANAGER: User 1a:8e:62:ff:0b:02 REMOVAL completed
2025-07-22 12:11:19 DEBUG: RADIUS_MANAGER: User 1a:8e:62:ff:0b:02 CREATION completed successfully
2025-07-22 12:19:54 DEBUG: RADIUS_MANAGER: Attempting to CREATE user 1a:8e:62:ff:0b:02 with expiration 2025-07-22 14:19:54
2025-07-22 12:19:54 DEBUG: RADIUS_MANAGER: Attempting to REMOVE user 1a:8e:62:ff:0b:02 - CALLED FROM: /var/www/html/system/controllers/captive_portal.php:1049 in function: createHotspotUser
2025-07-22 12:19:54 DEBUG: RADIUS_MANAGER: User 1a:8e:62:ff:0b:02 REMOVAL completed
2025-07-22 12:19:54 DEBUG: RADIUS_MANAGER: User 1a:8e:62:ff:0b:02 CREATION completed successfully
2025-07-22 12:27:08 DEBUG: RADIUS_MANAGER: Attempting to CREATE user 1a:8e:62:ff:0b:02 with expiration 2025-07-22 14:27:08
2025-07-22 12:27:08 DEBUG: RADIUS_MANAGER: Attempting to REMOVE user 1a:8e:62:ff:0b:02 - CALLED FROM: /var/www/html/system/controllers/captive_portal.php:1049 in function: createHotspotUser
2025-07-22 12:27:08 DEBUG: RADIUS_MANAGER: User 1a:8e:62:ff:0b:02 REMOVAL completed
2025-07-22 12:27:09 DEBUG: RADIUS_MANAGER: User 1a:8e:62:ff:0b:02 CREATION completed successfully
2025-07-22 12:32:23 DEBUG: RADIUS_MANAGER: Attempting to CREATE user 64:78:a1:b2:6f:e7 with expiration 2025-07-22 14:32:23
2025-07-22 12:32:23 DEBUG: RADIUS_MANAGER: Attempting to REMOVE user 64:78:a1:b2:6f:e7 - CALLED FROM: /var/www/html/system/controllers/captive_portal.php:1049 in function: createHotspotUser
2025-07-22 12:32:23 DEBUG: RADIUS_MANAGER: User 64:78:a1:b2:6f:e7 REMOVAL completed
2025-07-22 12:32:23 DEBUG: RADIUS_MANAGER: User 64:78:a1:b2:6f:e7 CREATION completed successfully
2025-07-22 12:39:39 DEBUG: RADIUS_MANAGER: Attempting to CREATE user 64:78:a1:b2:6f:e7 with expiration 2025-07-22 14:39:39
2025-07-22 12:39:39 DEBUG: RADIUS_MANAGER: Attempting to REMOVE user 64:78:a1:b2:6f:e7 - CALLED FROM: /var/www/html/system/controllers/captive_portal.php:1049 in function: createHotspotUser
2025-07-22 12:39:39 DEBUG: RADIUS_MANAGER: User 64:78:a1:b2:6f:e7 REMOVAL completed
2025-07-22 12:39:39 DEBUG: RADIUS_MANAGER: User 64:78:a1:b2:6f:e7 CREATION completed successfully
2025-07-22 12:51:36 DEBUG: RADIUS_MANAGER: Attempting to CREATE user 64:78:a1:b2:6f:e7 with expiration 2025-07-22 14:51:36
2025-07-22 12:51:36 DEBUG: RADIUS_MANAGER: User 64:78:a1:b2:6f:e7 CREATION completed successfully
2025-07-22 12:56:33 DEBUG: RADIUS_MANAGER: Attempting to CREATE user 2e:01:29:08:29:ea with expiration 2025-07-22 14:56:33
2025-07-22 12:56:33 DEBUG: RADIUS_MANAGER: User 2e:01:29:08:29:ea CREATION completed successfully
2025-07-22 13:20:27 DEBUG: RADIUS_MANAGER: Attempting to CREATE user 2a:98:8a:cc:71:d7 with expiration 2025-07-22 15:20:27
2025-07-22 13:20:27 DEBUG: RADIUS_MANAGER: User 2a:98:8a:cc:71:d7 CREATION completed successfully
2025-07-22 13:25:20 DEBUG: RADIUS_MANAGER: Attempting to CREATE user d3:8a:b7:4c:51:a3 with expiration 2025-07-22 15:25:20
2025-07-22 13:25:20 DEBUG: RADIUS_MANAGER: User d3:8a:b7:4c:51:a3 CREATION completed successfully
2025-07-22 14:31:01 DEBUG: RADIUS_MANAGER: Attempting to CREATE user 2a:98:8a:cc:71:d7 with expiration 2025-07-22 16:31:01
2025-07-22 14:31:01 DEBUG: RADIUS_MANAGER: User 2a:98:8a:cc:71:d7 CREATION completed successfully
